-------------------------------------------------------------------------------->8
time="2025-03-05T22:12:17Z" level=info msg="Starting listening on unix:/run/guest-services/devenv-volumes.sock\n"
⇨ http server started on /run/guest-services/devenv-volumes.sock
-------------------------------------------------------------------------------->8
time="2025-03-05T22:14:38Z" level=info msg="Starting listening on unix:/run/guest-services/devenv-volumes.sock\n"
⇨ http server started on /run/guest-services/devenv-volumes.sock
-------------------------------------------------------------------------------->8
time="2025-03-06T01:38:10Z" level=info msg="Starting listening on unix:/run/guest-services/devenv-volumes.sock\n"
⇨ http server started on /run/guest-services/devenv-volumes.sock
time="2025-03-06T01:50:11Z" level=info msg="Starting listening on unix:/run/guest-services/devenv-volumes.sock\n"
⇨ http server started on /run/guest-services/devenv-volumes.sock
-------------------------------------------------------------------------------->8
time="2025-03-06T08:46:06Z" level=info msg="Starting listening on unix:/run/guest-services/devenv-volumes.sock\n"
⇨ http server started on /run/guest-services/devenv-volumes.sock
time="2025-03-06T08:52:53Z" level=info msg="Starting listening on unix:/run/guest-services/devenv-volumes.sock\n"
⇨ http server started on /run/guest-services/devenv-volumes.sock
-------------------------------------------------------------------------------->8
time="2025-03-06T20:38:40Z" level=info msg="Starting listening on unix:/run/guest-services/devenv-volumes.sock\n"
⇨ http server started on /run/guest-services/devenv-volumes.sock
-------------------------------------------------------------------------------->8
time="2025-03-07T09:37:24Z" level=info msg="Starting listening on unix:/run/guest-services/devenv-volumes.sock\n"
⇨ http server started on /run/guest-services/devenv-volumes.sock
-------------------------------------------------------------------------------->8
time="2025-03-08T10:15:21Z" level=info msg="Starting listening on unix:/run/guest-services/devenv-volumes.sock\n"
⇨ http server started on /run/guest-services/devenv-volumes.sock
time="2025-03-08T10:23:11Z" level=info msg="Starting listening on unix:/run/guest-services/devenv-volumes.sock\n"
⇨ http server started on /run/guest-services/devenv-volumes.sock
time="2025-03-08T10:30:38Z" level=info msg="Starting listening on unix:/run/guest-services/devenv-volumes.sock\n"
⇨ http server started on /run/guest-services/devenv-volumes.sock
-------------------------------------------------------------------------------->8
time="2025-03-09T08:06:24Z" level=info msg="Starting listening on unix:/run/guest-services/devenv-volumes.sock\n"
⇨ http server started on /run/guest-services/devenv-volumes.sock
-------------------------------------------------------------------------------->8
time="2025-03-10T14:52:15Z" level=info msg="Starting listening on unix:/run/guest-services/devenv-volumes.sock\n"
⇨ http server started on /run/guest-services/devenv-volumes.sock
-------------------------------------------------------------------------------->8
time="2025-03-10T17:09:23Z" level=info msg="Starting listening on unix:/run/guest-services/devenv-volumes.sock\n"
⇨ http server started on /run/guest-services/devenv-volumes.sock
-------------------------------------------------------------------------------->8
time="2025-03-11T09:22:24Z" level=info msg="Starting listening on unix:/run/guest-services/devenv-volumes.sock\n"
⇨ http server started on /run/guest-services/devenv-volumes.sock
time="2025-03-11T09:31:02Z" level=info msg="Starting listening on unix:/run/guest-services/devenv-volumes.sock\n"
⇨ http server started on /run/guest-services/devenv-volumes.sock
time="2025-03-11T09:40:00Z" level=info msg="Starting listening on unix:/run/guest-services/devenv-volumes.sock\n"
⇨ http server started on /run/guest-services/devenv-volumes.sock
time="2025-03-11T09:49:52Z" level=info msg="Starting listening on unix:/run/guest-services/devenv-volumes.sock\n"
⇨ http server started on /run/guest-services/devenv-volumes.sock
time="2025-03-11T10:38:29Z" level=info msg="Starting listening on unix:/run/guest-services/devenv-volumes.sock\n"
⇨ http server started on /run/guest-services/devenv-volumes.sock
EOF
-------------------------------------------------------------------------------->8
time="2025-03-11T11:52:19Z" level=info msg="Starting listening on unix:/run/guest-services/devenv-volumes.sock\n"
⇨ http server started on /run/guest-services/devenv-volumes.sock
time="2025-03-11T11:52:38Z" level=info msg="Starting listening on unix:/run/guest-services/devenv-volumes.sock\n"
⇨ http server started on /run/guest-services/devenv-volumes.sock
time="2025-03-11T14:11:13Z" level=info msg="Starting listening on unix:/run/guest-services/devenv-volumes.sock\n"
⇨ http server started on /run/guest-services/devenv-volumes.sock
-------------------------------------------------------------------------------->8
time="2025-03-11T19:18:29Z" level=info msg="Starting listening on unix:/run/guest-services/devenv-volumes.sock\n"
⇨ http server started on /run/guest-services/devenv-volumes.sock
-------------------------------------------------------------------------------->8
time="2025-03-12T11:07:41Z" level=info msg="Starting listening on unix:/run/guest-services/devenv-volumes.sock\n"
⇨ http server started on /run/guest-services/devenv-volumes.sock
-------------------------------------------------------------------------------->8
time="2025-03-13T09:13:01Z" level=info msg="Starting listening on unix:/run/guest-services/devenv-volumes.sock\n"
⇨ http server started on /run/guest-services/devenv-volumes.sock
-------------------------------------------------------------------------------->8
time="2025-03-14T05:54:23Z" level=info msg="Starting listening on unix:/run/guest-services/devenv-volumes.sock\n"
⇨ http server started on /run/guest-services/devenv-volumes.sock
time="2025-03-14T18:25:46Z" level=info msg="Starting listening on unix:/run/guest-services/devenv-volumes.sock\n"
⇨ http server started on /run/guest-services/devenv-volumes.sock
EOF
-------------------------------------------------------------------------------->8
time="2025-03-15T07:57:05Z" level=info msg="Starting listening on unix:/run/guest-services/devenv-volumes.sock\n"
⇨ http server started on /run/guest-services/devenv-volumes.sock
time="2025-03-15T10:23:38Z" level=info msg="Starting listening on unix:/run/guest-services/devenv-volumes.sock\n"
⇨ http server started on /run/guest-services/devenv-volumes.sock
time="2025-03-15T10:40:23Z" level=info msg="Starting listening on unix:/run/guest-services/devenv-volumes.sock\n"
⇨ http server started on /run/guest-services/devenv-volumes.sock
-------------------------------------------------------------------------------->8
time="2025-03-16T08:24:09Z" level=info msg="Starting listening on unix:/run/guest-services/devenv-volumes.sock\n"
⇨ http server started on /run/guest-services/devenv-volumes.sock
-------------------------------------------------------------------------------->8
time="2025-03-16T19:28:31Z" level=info msg="Starting listening on unix:/run/guest-services/devenv-volumes.sock\n"
⇨ http server started on /run/guest-services/devenv-volumes.sock
time="2025-03-16T21:12:29Z" level=info msg="Starting listening on unix:/run/guest-services/devenv-volumes.sock\n"
⇨ http server started on /run/guest-services/devenv-volumes.sock
-------------------------------------------------------------------------------->8
time="2025-03-17T09:43:43Z" level=info msg="Starting listening on unix:/run/guest-services/devenv-volumes.sock\n"
⇨ http server started on /run/guest-services/devenv-volumes.sock
-------------------------------------------------------------------------------->8
time="2025-03-17T19:34:45Z" level=info msg="Starting listening on unix:/run/guest-services/devenv-volumes.sock\n"
⇨ http server started on /run/guest-services/devenv-volumes.sock
time="2025-03-17T21:08:46Z" level=info msg="Starting listening on unix:/run/guest-services/devenv-volumes.sock\n"
⇨ http server started on /run/guest-services/devenv-volumes.sock
time="2025-03-17T21:18:46Z" level=info msg="Starting listening on unix:/run/guest-services/devenv-volumes.sock\n"
⇨ http server started on /run/guest-services/devenv-volumes.sock
-------------------------------------------------------------------------------->8
time="2025-03-18T10:31:38Z" level=info msg="Starting listening on unix:/run/guest-services/devenv-volumes.sock\n"
⇨ http server started on /run/guest-services/devenv-volumes.sock
-------------------------------------------------------------------------------->8
time="2025-03-18T15:29:54Z" level=info msg="Starting listening on unix:/run/guest-services/devenv-volumes.sock\n"
⇨ http server started on /run/guest-services/devenv-volumes.sock
time="2025-03-18T20:41:23Z" level=info msg="Starting listening on unix:/run/guest-services/devenv-volumes.sock\n"
⇨ http server started on /run/guest-services/devenv-volumes.sock
-------------------------------------------------------------------------------->8
time="2025-03-19T12:34:54Z" level=info msg="Starting listening on unix:/run/guest-services/devenv-volumes.sock\n"
⇨ http server started on /run/guest-services/devenv-volumes.sock
time="2025-03-19T15:56:04Z" level=info msg="Starting listening on unix:/run/guest-services/devenv-volumes.sock\n"
⇨ http server started on /run/guest-services/devenv-volumes.sock
time="2025-03-19T18:16:02Z" level=info msg="Starting listening on unix:/run/guest-services/devenv-volumes.sock\n"
⇨ http server started on /run/guest-services/devenv-volumes.sock
-------------------------------------------------------------------------------->8
time="2025-03-20T17:09:23Z" level=info msg="Starting listening on unix:/run/guest-services/devenv-volumes.sock\n"
⇨ http server started on /run/guest-services/devenv-volumes.sock
-------------------------------------------------------------------------------->8
time="2025-03-21T09:35:16Z" level=info msg="Starting listening on unix:/run/guest-services/devenv-volumes.sock\n"
⇨ http server started on /run/guest-services/devenv-volumes.sock
-------------------------------------------------------------------------------->8
time="2025-03-21T17:38:32Z" level=info msg="Starting listening on unix:/run/guest-services/devenv-volumes.sock\n"
⇨ http server started on /run/guest-services/devenv-volumes.sock
-------------------------------------------------------------------------------->8
time="2025-03-22T10:25:47Z" level=info msg="Starting listening on unix:/run/guest-services/devenv-volumes.sock\n"
⇨ http server started on /run/guest-services/devenv-volumes.sock
-------------------------------------------------------------------------------->8
time="2025-03-22T19:33:29Z" level=info msg="Starting listening on unix:/run/guest-services/devenv-volumes.sock\n"
⇨ http server started on /run/guest-services/devenv-volumes.sock
-------------------------------------------------------------------------------->8
time="2025-03-23T10:17:34Z" level=info msg="Starting listening on unix:/run/guest-services/devenv-volumes.sock\n"
⇨ http server started on /run/guest-services/devenv-volumes.sock
-------------------------------------------------------------------------------->8
time="2025-03-23T21:10:16Z" level=info msg="Starting listening on unix:/run/guest-services/devenv-volumes.sock\n"
⇨ http server started on /run/guest-services/devenv-volumes.sock
-------------------------------------------------------------------------------->8
time="2025-03-26T15:23:14Z" level=info msg="Starting listening on unix:/run/guest-services/devenv-volumes.sock\n"
⇨ http server started on /run/guest-services/devenv-volumes.sock
-------------------------------------------------------------------------------->8
time="2025-03-27T09:32:26Z" level=info msg="Starting listening on unix:/run/guest-services/devenv-volumes.sock\n"
⇨ http server started on /run/guest-services/devenv-volumes.sock
-------------------------------------------------------------------------------->8
time="2025-03-27T20:28:57Z" level=info msg="Starting listening on unix:/run/guest-services/devenv-volumes.sock\n"
⇨ http server started on /run/guest-services/devenv-volumes.sock
-------------------------------------------------------------------------------->8
time="2025-03-28T10:57:30Z" level=info msg="Starting listening on unix:/run/guest-services/devenv-volumes.sock\n"
⇨ http server started on /run/guest-services/devenv-volumes.sock
-------------------------------------------------------------------------------->8
time="2025-03-29T12:35:51Z" level=info msg="Starting listening on unix:/run/guest-services/devenv-volumes.sock\n"
⇨ http server started on /run/guest-services/devenv-volumes.sock
-------------------------------------------------------------------------------->8
time="2025-03-30T10:41:16Z" level=info msg="Starting listening on unix:/run/guest-services/devenv-volumes.sock\n"
⇨ http server started on /run/guest-services/devenv-volumes.sock
-------------------------------------------------------------------------------->8
time="2025-03-30T19:33:45Z" level=info msg="Starting listening on unix:/run/guest-services/devenv-volumes.sock\n"
⇨ http server started on /run/guest-services/devenv-volumes.sock
time="2025-03-30T19:43:01Z" level=info msg="Starting listening on unix:/run/guest-services/devenv-volumes.sock\n"
⇨ http server started on /run/guest-services/devenv-volumes.sock
-------------------------------------------------------------------------------->8
time="2025-03-31T10:58:46Z" level=info msg="Starting listening on unix:/run/guest-services/devenv-volumes.sock\n"
⇨ http server started on /run/guest-services/devenv-volumes.sock
time="2025-03-31T19:21:21Z" level=info msg="Starting listening on unix:/run/guest-services/devenv-volumes.sock\n"
⇨ http server started on /run/guest-services/devenv-volumes.sock
time="2025-03-31T19:38:05Z" level=info msg="Starting listening on unix:/run/guest-services/devenv-volumes.sock\n"
⇨ http server started on /run/guest-services/devenv-volumes.sock
-------------------------------------------------------------------------------->8
time="2025-04-01T10:29:51Z" level=info msg="Starting listening on unix:/run/guest-services/devenv-volumes.sock\n"
⇨ http server started on /run/guest-services/devenv-volumes.sock
time="2025-04-01T11:57:57Z" level=info msg="Starting listening on unix:/run/guest-services/devenv-volumes.sock\n"
⇨ http server started on /run/guest-services/devenv-volumes.sock
-------------------------------------------------------------------------------->8
time="2025-04-02T16:05:07Z" level=info msg="Starting listening on unix:/run/guest-services/devenv-volumes.sock\n"
⇨ http server started on /run/guest-services/devenv-volumes.sock
time="2025-04-02T17:32:57Z" level=info msg="Starting listening on unix:/run/guest-services/devenv-volumes.sock\n"
⇨ http server started on /run/guest-services/devenv-volumes.sock
-------------------------------------------------------------------------------->8
time="2025-04-03T10:30:02Z" level=info msg="Starting listening on unix:/run/guest-services/devenv-volumes.sock\n"
⇨ http server started on /run/guest-services/devenv-volumes.sock
time="2025-04-03T10:49:56Z" level=info msg="Starting listening on unix:/run/guest-services/devenv-volumes.sock\n"
⇨ http server started on /run/guest-services/devenv-volumes.sock
-------------------------------------------------------------------------------->8
time="2025-04-04T10:27:38Z" level=info msg="Starting listening on unix:/run/guest-services/devenv-volumes.sock\n"
⇨ http server started on /run/guest-services/devenv-volumes.sock
-------------------------------------------------------------------------------->8
time="2025-04-04T12:57:07Z" level=info msg="Starting listening on unix:/run/guest-services/devenv-volumes.sock\n"
⇨ http server started on /run/guest-services/devenv-volumes.sock
-------------------------------------------------------------------------------->8
time="2025-04-05T09:04:45Z" level=info msg="Starting listening on unix:/run/guest-services/devenv-volumes.sock\n"
⇨ http server started on /run/guest-services/devenv-volumes.sock
-------------------------------------------------------------------------------->8
time="2025-04-05T16:35:15Z" level=info msg="Starting listening on unix:/run/guest-services/devenv-volumes.sock\n"
⇨ http server started on /run/guest-services/devenv-volumes.sock
-------------------------------------------------------------------------------->8
time="2025-04-06T05:14:22Z" level=info msg="Starting listening on unix:/run/guest-services/devenv-volumes.sock\n"
⇨ http server started on /run/guest-services/devenv-volumes.sock
-------------------------------------------------------------------------------->8
time="2025-04-06T09:42:45Z" level=info msg="Starting listening on unix:/run/guest-services/devenv-volumes.sock\n"
⇨ http server started on /run/guest-services/devenv-volumes.sock
-------------------------------------------------------------------------------->8
time="2025-04-06T20:34:57Z" level=info msg="Starting listening on unix:/run/guest-services/devenv-volumes.sock\n"
⇨ http server started on /run/guest-services/devenv-volumes.sock
-------------------------------------------------------------------------------->8
time="2025-04-07T09:27:57Z" level=info msg="Starting listening on unix:/run/guest-services/devenv-volumes.sock\n"
⇨ http server started on /run/guest-services/devenv-volumes.sock
time="2025-04-07T11:10:00Z" level=info msg="Starting listening on unix:/run/guest-services/devenv-volumes.sock\n"
⇨ http server started on /run/guest-services/devenv-volumes.sock
-------------------------------------------------------------------------------->8
time="2025-04-07T19:38:17Z" level=info msg="Starting listening on unix:/run/guest-services/devenv-volumes.sock\n"
⇨ http server started on /run/guest-services/devenv-volumes.sock
-------------------------------------------------------------------------------->8
time="2025-04-08T09:25:17Z" level=info msg="Starting listening on unix:/run/guest-services/devenv-volumes.sock\n"
⇨ http server started on /run/guest-services/devenv-volumes.sock
-------------------------------------------------------------------------------->8
time="2025-04-09T09:23:08Z" level=info msg="Starting listening on unix:/run/guest-services/devenv-volumes.sock\n"
⇨ http server started on /run/guest-services/devenv-volumes.sock
-------------------------------------------------------------------------------->8
time="2025-04-09T14:50:01Z" level=info msg="Starting listening on unix:/run/guest-services/devenv-volumes.sock\n"
⇨ http server started on /run/guest-services/devenv-volumes.sock
-------------------------------------------------------------------------------->8
time="2025-04-09T20:37:26Z" level=info msg="Starting listening on unix:/run/guest-services/devenv-volumes.sock\n"
⇨ http server started on /run/guest-services/devenv-volumes.sock
-------------------------------------------------------------------------------->8
time="2025-04-10T08:49:01Z" level=info msg="Starting listening on unix:/run/guest-services/devenv-volumes.sock\n"
⇨ http server started on /run/guest-services/devenv-volumes.sock
-------------------------------------------------------------------------------->8
time="2025-04-10T13:28:46Z" level=info msg="Starting listening on unix:/run/guest-services/devenv-volumes.sock\n"
⇨ http server started on /run/guest-services/devenv-volumes.sock
time="2025-04-10T13:35:01Z" level=info msg="Starting listening on unix:/run/guest-services/devenv-volumes.sock\n"
⇨ http server started on /run/guest-services/devenv-volumes.sock
time="2025-04-10T14:55:32Z" level=info msg="Starting listening on unix:/run/guest-services/devenv-volumes.sock\n"
⇨ http server started on /run/guest-services/devenv-volumes.sock
time="2025-04-10T16:01:36Z" level=info msg="Starting listening on unix:/run/guest-services/devenv-volumes.sock\n"
⇨ http server started on /run/guest-services/devenv-volumes.sock
time="2025-04-10T16:57:30Z" level=info msg="Starting listening on unix:/run/guest-services/devenv-volumes.sock\n"
⇨ http server started on /run/guest-services/devenv-volumes.sock
time="2025-04-10T18:14:58Z" level=info msg="Starting listening on unix:/run/guest-services/devenv-volumes.sock\n"
⇨ http server started on /run/guest-services/devenv-volumes.sock
-------------------------------------------------------------------------------->8
time="2025-04-11T11:03:31Z" level=info msg="Starting listening on unix:/run/guest-services/devenv-volumes.sock\n"
⇨ http server started on /run/guest-services/devenv-volumes.sock
time="2025-04-11T11:17:11Z" level=info msg="Starting listening on unix:/run/guest-services/devenv-volumes.sock\n"
⇨ http server started on /run/guest-services/devenv-volumes.sock
-------------------------------------------------------------------------------->8
time="2025-04-11T15:58:37Z" level=info msg="Starting listening on unix:/run/guest-services/devenv-volumes.sock\n"
⇨ http server started on /run/guest-services/devenv-volumes.sock
time="2025-04-11T17:43:04Z" level=info msg="Starting listening on unix:/run/guest-services/devenv-volumes.sock\n"
⇨ http server started on /run/guest-services/devenv-volumes.sock
-------------------------------------------------------------------------------->8
time="2025-04-12T08:06:48Z" level=info msg="Starting listening on unix:/run/guest-services/devenv-volumes.sock\n"
⇨ http server started on /run/guest-services/devenv-volumes.sock
time="2025-04-12T08:17:51Z" level=info msg="Starting listening on unix:/run/guest-services/devenv-volumes.sock\n"
⇨ http server started on /run/guest-services/devenv-volumes.sock
time="2025-04-12T11:41:57Z" level=info msg="Starting listening on unix:/run/guest-services/devenv-volumes.sock\n"
⇨ http server started on /run/guest-services/devenv-volumes.sock
-------------------------------------------------------------------------------->8
time="2025-04-13T09:02:14Z" level=info msg="Starting listening on unix:/run/guest-services/devenv-volumes.sock\n"
⇨ http server started on /run/guest-services/devenv-volumes.sock
time="2025-04-13T13:36:17Z" level=info msg="Starting listening on unix:/run/guest-services/devenv-volumes.sock\n"
⇨ http server started on /run/guest-services/devenv-volumes.sock
time="2025-04-13T15:29:30Z" level=info msg="Starting listening on unix:/run/guest-services/devenv-volumes.sock\n"
⇨ http server started on /run/guest-services/devenv-volumes.sock
-------------------------------------------------------------------------------->8
time="2025-04-14T08:43:27Z" level=info msg="Starting listening on unix:/run/guest-services/devenv-volumes.sock\n"
⇨ http server started on /run/guest-services/devenv-volumes.sock
-------------------------------------------------------------------------------->8
time="2025-04-15T08:28:09Z" level=info msg="Starting listening on unix:/run/guest-services/devenv-volumes.sock\n"
⇨ http server started on /run/guest-services/devenv-volumes.sock
-------------------------------------------------------------------------------->8
time="2025-04-15T12:21:22Z" level=info msg="Starting listening on unix:/run/guest-services/devenv-volumes.sock\n"
⇨ http server started on /run/guest-services/devenv-volumes.sock
-------------------------------------------------------------------------------->8
time="2025-04-15T12:38:50Z" level=info msg="Starting listening on unix:/run/guest-services/devenv-volumes.sock\n"
⇨ http server started on /run/guest-services/devenv-volumes.sock
-------------------------------------------------------------------------------->8
time="2025-04-16T10:29:21Z" level=info msg="Starting listening on unix:/run/guest-services/devenv-volumes.sock\n"
⇨ http server started on /run/guest-services/devenv-volumes.sock
-------------------------------------------------------------------------------->8
time="2025-04-16T13:12:08Z" level=info msg="Starting listening on unix:/run/guest-services/devenv-volumes.sock\n"
⇨ http server started on /run/guest-services/devenv-volumes.sock
-------------------------------------------------------------------------------->8
time="2025-04-17T06:59:05Z" level=info msg="Starting listening on unix:/run/guest-services/devenv-volumes.sock\n"
⇨ http server started on /run/guest-services/devenv-volumes.sock
-------------------------------------------------------------------------------->8
time="2025-04-18T16:53:30Z" level=info msg="Starting listening on unix:/run/guest-services/devenv-volumes.sock\n"
⇨ http server started on /run/guest-services/devenv-volumes.sock
-------------------------------------------------------------------------------->8
time="2025-04-18T17:01:32Z" level=info msg="Starting listening on unix:/run/guest-services/devenv-volumes.sock\n"
⇨ http server started on /run/guest-services/devenv-volumes.sock
-------------------------------------------------------------------------------->8
time="2025-04-18T18:38:14Z" level=info msg="Starting listening on unix:/run/guest-services/devenv-volumes.sock\n"
⇨ http server started on /run/guest-services/devenv-volumes.sock
-------------------------------------------------------------------------------->8
time="2025-04-19T09:40:15Z" level=info msg="Starting listening on unix:/run/guest-services/devenv-volumes.sock\n"
⇨ http server started on /run/guest-services/devenv-volumes.sock
-------------------------------------------------------------------------------->8
time="2025-04-19T19:42:07Z" level=info msg="Starting listening on unix:/run/guest-services/devenv-volumes.sock\n"
⇨ http server started on /run/guest-services/devenv-volumes.sock
-------------------------------------------------------------------------------->8
time="2025-04-20T09:53:39Z" level=info msg="Starting listening on unix:/run/guest-services/devenv-volumes.sock\n"
⇨ http server started on /run/guest-services/devenv-volumes.sock
-------------------------------------------------------------------------------->8
time="2025-04-20T14:01:02Z" level=info msg="Starting listening on unix:/run/guest-services/devenv-volumes.sock\n"
⇨ http server started on /run/guest-services/devenv-volumes.sock
-------------------------------------------------------------------------------->8
time="2025-04-20T17:32:28Z" level=info msg="Starting listening on unix:/run/guest-services/devenv-volumes.sock\n"
⇨ http server started on /run/guest-services/devenv-volumes.sock
-------------------------------------------------------------------------------->8
time="2025-04-20T19:00:49Z" level=info msg="Starting listening on unix:/run/guest-services/devenv-volumes.sock\n"
⇨ http server started on /run/guest-services/devenv-volumes.sock
-------------------------------------------------------------------------------->8
time="2025-04-21T07:56:16Z" level=info msg="Starting listening on unix:/run/guest-services/devenv-volumes.sock\n"
⇨ http server started on /run/guest-services/devenv-volumes.sock
-------------------------------------------------------------------------------->8
time="2025-04-22T09:02:43Z" level=info msg="Starting listening on unix:/run/guest-services/devenv-volumes.sock\n"
⇨ http server started on /run/guest-services/devenv-volumes.sock
-------------------------------------------------------------------------------->8
time="2025-04-23T09:35:48Z" level=info msg="Starting listening on unix:/run/guest-services/devenv-volumes.sock\n"
⇨ http server started on /run/guest-services/devenv-volumes.sock
-------------------------------------------------------------------------------->8
time="2025-04-24T10:13:29Z" level=info msg="Starting listening on unix:/run/guest-services/devenv-volumes.sock\n"
⇨ http server started on /run/guest-services/devenv-volumes.sock
-------------------------------------------------------------------------------->8
time="2025-04-24T14:23:56Z" level=info msg="Starting listening on unix:/run/guest-services/devenv-volumes.sock\n"
⇨ http server started on /run/guest-services/devenv-volumes.sock
-------------------------------------------------------------------------------->8
time="2025-04-25T06:41:58Z" level=info msg="Starting listening on unix:/run/guest-services/devenv-volumes.sock\n"
⇨ http server started on /run/guest-services/devenv-volumes.sock
-------------------------------------------------------------------------------->8
time="2025-04-25T16:57:41Z" level=info msg="Starting listening on unix:/run/guest-services/devenv-volumes.sock\n"
⇨ http server started on /run/guest-services/devenv-volumes.sock
-------------------------------------------------------------------------------->8
time="2025-04-28T08:37:08Z" level=info msg="Starting listening on unix:/run/guest-services/devenv-volumes.sock\n"
⇨ http server started on /run/guest-services/devenv-volumes.sock
-------------------------------------------------------------------------------->8
time="2025-04-29T08:27:43Z" level=info msg="Starting listening on unix:/run/guest-services/devenv-volumes.sock\n"
⇨ http server started on /run/guest-services/devenv-volumes.sock
-------------------------------------------------------------------------------->8
time="2025-04-29T18:39:02Z" level=info msg="Starting listening on unix:/run/guest-services/devenv-volumes.sock\n"
⇨ http server started on /run/guest-services/devenv-volumes.sock
-------------------------------------------------------------------------------->8
time="2025-04-30T08:59:02Z" level=info msg="Starting listening on unix:/run/guest-services/devenv-volumes.sock\n"
⇨ http server started on /run/guest-services/devenv-volumes.sock
-------------------------------------------------------------------------------->8
time="2025-04-30T20:02:28Z" level=info msg="Starting listening on unix:/run/guest-services/devenv-volumes.sock\n"
⇨ http server started on /run/guest-services/devenv-volumes.sock
-------------------------------------------------------------------------------->8
time="2025-05-01T07:55:53Z" level=info msg="Starting listening on unix:/run/guest-services/devenv-volumes.sock\n"
⇨ http server started on /run/guest-services/devenv-volumes.sock
time="2025-05-03T07:50:50Z" level=info msg="Starting listening on unix:/run/guest-services/devenv-volumes.sock\n"
⇨ http server started on /run/guest-services/devenv-volumes.sock
time="2025-05-03T08:03:23Z" level=info msg="Starting listening on unix:/run/guest-services/devenv-volumes.sock\n"
⇨ http server started on /run/guest-services/devenv-volumes.sock
time="2025-05-03T08:31:08Z" level=info msg="Starting listening on unix:/run/guest-services/devenv-volumes.sock\n"
⇨ http server started on /run/guest-services/devenv-volumes.sock
time="2025-05-03T08:33:15Z" level=info msg="Starting listening on unix:/run/guest-services/devenv-volumes.sock\n"
⇨ http server started on /run/guest-services/devenv-volumes.sock
time="2025-05-03T08:35:49Z" level=info msg="Starting listening on unix:/run/guest-services/devenv-volumes.sock\n"
⇨ http server started on /run/guest-services/devenv-volumes.sock
EOF
-------------------------------------------------------------------------------->8
time="2025-05-03T08:36:05Z" level=info msg="Starting listening on unix:/run/guest-services/devenv-volumes.sock\n"
⇨ http server started on /run/guest-services/devenv-volumes.sock
time="2025-05-03T11:28:29Z" level=info msg="Starting listening on unix:/run/guest-services/devenv-volumes.sock\n"
⇨ http server started on /run/guest-services/devenv-volumes.sock
-------------------------------------------------------------------------------->8
time="2025-05-04T10:17:33Z" level=info msg="Starting listening on unix:/run/guest-services/devenv-volumes.sock\n"
⇨ http server started on /run/guest-services/devenv-volumes.sock
time="2025-05-04T16:01:29Z" level=info msg="Starting listening on unix:/run/guest-services/devenv-volumes.sock\n"
⇨ http server started on /run/guest-services/devenv-volumes.sock
EOF
-------------------------------------------------------------------------------->8
time="2025-05-04T16:02:40Z" level=info msg="Starting listening on unix:/run/guest-services/devenv-volumes.sock\n"
⇨ http server started on /run/guest-services/devenv-volumes.sock
EOF
-------------------------------------------------------------------------------->8
time="2025-05-04T16:02:56Z" level=info msg="Starting listening on unix:/run/guest-services/devenv-volumes.sock\n"
⇨ http server started on /run/guest-services/devenv-volumes.sock
-------------------------------------------------------------------------------->8
time="2025-05-04T17:55:16Z" level=info msg="Starting listening on unix:/run/guest-services/devenv-volumes.sock\n"
⇨ http server started on /run/guest-services/devenv-volumes.sock
-------------------------------------------------------------------------------->8
time="2025-05-06T08:56:28Z" level=info msg="Starting listening on unix:/run/guest-services/devenv-volumes.sock\n"
⇨ http server started on /run/guest-services/devenv-volumes.sock
EOF
-------------------------------------------------------------------------------->8
time="2025-05-06T12:16:01Z" level=info msg="Starting listening on unix:/run/guest-services/devenv-volumes.sock\n"
⇨ http server started on /run/guest-services/devenv-volumes.sock
-------------------------------------------------------------------------------->8
time="2025-05-06T12:21:38Z" level=info msg="Starting listening on unix:/run/guest-services/devenv-volumes.sock\n"
⇨ http server started on /run/guest-services/devenv-volumes.sock
time="2025-05-07T17:53:34Z" level=info msg="Starting listening on unix:/run/guest-services/devenv-volumes.sock\n"
⇨ http server started on /run/guest-services/devenv-volumes.sock
-------------------------------------------------------------------------------->8
time="2025-05-08T08:15:01Z" level=info msg="Starting listening on unix:/run/guest-services/devenv-volumes.sock\n"
⇨ http server started on /run/guest-services/devenv-volumes.sock
time="2025-05-18T14:07:35Z" level=info msg="Starting listening on unix:/run/guest-services/devenv-volumes.sock\n"
⇨ http server started on /run/guest-services/devenv-volumes.sock
-------------------------------------------------------------------------------->8
time="2025-05-20T10:24:28Z" level=info msg="Starting listening on unix:/run/guest-services/devenv-volumes.sock\n"
⇨ http server started on /run/guest-services/devenv-volumes.sock
time="2025-05-21T16:29:44Z" level=info msg="Starting listening on unix:/run/guest-services/devenv-volumes.sock\n"
⇨ http server started on /run/guest-services/devenv-volumes.sock
time="2025-05-22T01:21:04Z" level=info msg="Starting listening on unix:/run/guest-services/devenv-volumes.sock\n"
⇨ http server started on /run/guest-services/devenv-volumes.sock
time="2025-05-24T16:15:29Z" level=info msg="Starting listening on unix:/run/guest-services/devenv-volumes.sock\n"
⇨ http server started on /run/guest-services/devenv-volumes.sock
time="2025-05-26T16:50:50Z" level=info msg="Starting listening on unix:/run/guest-services/devenv-volumes.sock\n"
⇨ http server started on /run/guest-services/devenv-volumes.sock
time="2025-05-27T18:00:58Z" level=info msg="Starting listening on unix:/run/guest-services/devenv-volumes.sock\n"
⇨ http server started on /run/guest-services/devenv-volumes.sock
time="2025-05-27T18:29:08Z" level=info msg="Starting listening on unix:/run/guest-services/devenv-volumes.sock\n"
⇨ http server started on /run/guest-services/devenv-volumes.sock
time="2025-05-28T18:10:29Z" level=info msg="Starting listening on unix:/run/guest-services/devenv-volumes.sock\n"
⇨ http server started on /run/guest-services/devenv-volumes.sock
time="2025-05-30T08:22:54Z" level=info msg="Starting listening on unix:/run/guest-services/devenv-volumes.sock\n"
⇨ http server started on /run/guest-services/devenv-volumes.sock
time="2025-05-30T08:26:48Z" level=info msg="Starting listening on unix:/run/guest-services/devenv-volumes.sock\n"
⇨ http server started on /run/guest-services/devenv-volumes.sock
time="2025-05-30T11:38:17Z" level=info msg="Starting listening on unix:/run/guest-services/devenv-volumes.sock\n"
⇨ http server started on /run/guest-services/devenv-volumes.sock
time="2025-05-30T16:26:55Z" level=info msg="Starting listening on unix:/run/guest-services/devenv-volumes.sock\n"
⇨ http server started on /run/guest-services/devenv-volumes.sock
-------------------------------------------------------------------------------->8
time="2025-06-03T09:12:12Z" level=info msg="Starting listening on unix:/run/guest-services/devenv-volumes.sock\n"
⇨ http server started on /run/guest-services/devenv-volumes.sock
-------------------------------------------------------------------------------->8
time="2025-06-04T21:08:36Z" level=info msg="Starting listening on unix:/run/guest-services/devenv-volumes.sock\n"
⇨ http server started on /run/guest-services/devenv-volumes.sock
-------------------------------------------------------------------------------->8
time="2025-06-06T12:31:56Z" level=info msg="Starting listening on unix:/run/guest-services/devenv-volumes.sock\n"
⇨ http server started on /run/guest-services/devenv-volumes.sock
-------------------------------------------------------------------------------->8
time="2025-06-14T10:58:36Z" level=info msg="Starting listening on unix:/run/guest-services/devenv-volumes.sock\n"
⇨ http server started on /run/guest-services/devenv-volumes.sock
-------------------------------------------------------------------------------->8
time="2025-06-18T10:18:02Z" level=info msg="Starting listening on unix:/run/guest-services/devenv-volumes.sock\n"
⇨ http server started on /run/guest-services/devenv-volumes.sock
-------------------------------------------------------------------------------->8
time="2025-06-28T10:21:50Z" level=info msg="Starting listening on unix:/run/guest-services/devenv-volumes.sock\n"
⇨ http server started on /run/guest-services/devenv-volumes.sock
EOF
-------------------------------------------------------------------------------->8
time="2025-07-02T13:55:06Z" level=info msg="Starting listening on unix:/run/guest-services/devenv-volumes.sock\n"
⇨ http server started on /run/guest-services/devenv-volumes.sock
time="2025-07-02T13:55:31Z" level=info msg="Starting listening on unix:/run/guest-services/devenv-volumes.sock\n"
⇨ http server started on /run/guest-services/devenv-volumes.sock
EOF
-------------------------------------------------------------------------------->8
time="2025-07-02T14:35:34Z" level=info msg="Starting listening on unix:/run/guest-services/devenv-volumes.sock\n"
⇨ http server started on /run/guest-services/devenv-volumes.sock
-------------------------------------------------------------------------------->8
time="2025-07-06T10:51:36Z" level=info msg="Starting listening on unix:/run/guest-services/devenv-volumes.sock\n"
⇨ http server started on /run/guest-services/devenv-volumes.sock
time="2025-07-06T12:47:27Z" level=info msg="Starting listening on unix:/run/guest-services/devenv-volumes.sock\n"
⇨ http server started on /run/guest-services/devenv-volumes.sock
time="2025-07-06T13:58:47Z" level=info msg="Starting listening on unix:/run/guest-services/devenv-volumes.sock\n"
⇨ http server started on /run/guest-services/devenv-volumes.sock
time="2025-07-14T19:53:16Z" level=info msg="Starting listening on unix:/run/guest-services/devenv-volumes.sock\n"
⇨ http server started on /run/guest-services/devenv-volumes.sock
EOF
-------------------------------------------------------------------------------->8
time="2025-07-15T10:00:43Z" level=info msg="Starting listening on unix:/run/guest-services/devenv-volumes.sock\n"
⇨ http server started on /run/guest-services/devenv-volumes.sock
-------------------------------------------------------------------------------->8
time="2025-07-19T17:57:19Z" level=info msg="Starting listening on unix:/run/guest-services/devenv-volumes.sock\n"
⇨ http server started on /run/guest-services/devenv-volumes.sock
-------------------------------------------------------------------------------->8
time="2025-07-20T08:20:48Z" level=info msg="Starting listening on unix:/run/guest-services/devenv-volumes.sock\n"
⇨ http server started on /run/guest-services/devenv-volumes.sock
time="2025-07-21T11:33:53Z" level=info msg="Starting listening on unix:/run/guest-services/devenv-volumes.sock\n"
⇨ http server started on /run/guest-services/devenv-volumes.sock
time="2025-07-21T11:44:54Z" level=info msg="Starting listening on unix:/run/guest-services/devenv-volumes.sock\n"
⇨ http server started on /run/guest-services/devenv-volumes.sock
time="2025-07-21T11:45:12Z" level=info msg="Starting listening on unix:/run/guest-services/devenv-volumes.sock\n"
⇨ http server started on /run/guest-services/devenv-volumes.sock
-------------------------------------------------------------------------------->8
time="2025-07-29T18:06:51Z" level=info msg="Starting listening on unix:/run/guest-services/devenv-volumes.sock\n"
⇨ http server started on /run/guest-services/devenv-volumes.sock
